%!Adobe-FontList 1.23
%Locale:0x409

%BeginFont
Handler:DirectoryHandler
FontType:TrueType
FontName:TimesNewRomanPSMT
FamilyName:Times New Roman
StyleName:Regular
FullName:Times New Roman
MenuName:Times New Roman
StyleBits:0
WritingScript:Roman
OutlineFileName:C:\UMD\ARTT255\catalog Folder\Document fonts\times.ttf
DataFormat:sfntData
hasSVG:no
VariableFontType:NonVariableFont
FileLength:1206884
FileModTime:1651900759
WeightClass:400
WidthClass:5
AngleClass:0
NameArray:0,Mac,4,Times New Roman
NameArray:0,Win,1,Times New Roman
%EndFont

%BeginFont
Handler:DirectoryHandler
FontType:TrueType
FontName:TimesNewRomanPS-BoldMT
FamilyName:Times New Roman
StyleName:Bold
FullName:Times New Roman Bold
MenuName:Times New Roman
StyleBits:2
WritingScript:Roman
OutlineFileName:C:\UMD\ARTT255\catalog Folder\Document fonts\timesbd.ttf
DataFormat:sfntData
hasSVG:no
VariableFontType:NonVariableFont
FileLength:1185876
FileModTime:1651900759
WeightClass:700
WidthClass:5
AngleClass:0
NameArray:0,Mac,4,Times New Roman Bold
NameArray:0,Win,1,Times New Roman
%EndFont

